<?xml version="1.0" encoding="UTF-8"?>
<!-- Generated by org.testng.reporters.JUnitXMLReporter -->
<testsuite hostname="Tenyang" failures="0" tests="1" name="Command line test" time="0.054" errors="0" timestamp="6 May 2023 16:49:07 GMT">
  <testcase classname="test.com.itexps.ItexpsTest" name="@BeforeMethod setUpMethod" time="0.0">
    <failure type="java.lang.IllegalStateException" message="The driver executable does not exist: C:\Data\chromedrivernew.exe">
      <![CDATA[java.lang.IllegalStateException: The driver executable does not exist: C:\Data\chromedrivernew.exe
	at com.google.common.base.Preconditions.checkState(Preconditions.java:585)
	at org.openqa.selenium.remote.service.DriverService.checkExecutable(DriverService.java:146)
	at org.openqa.selenium.remote.service.DriverService.findExecutable(DriverService.java:141)
	at org.openqa.selenium.chrome.ChromeDriverService.access$000(ChromeDriverService.java:35)
	at org.openqa.selenium.chrome.ChromeDriverService$Builder.findDefaultExecutable(ChromeDriverService.java:159)
	at org.openqa.selenium.remote.service.DriverService$Builder.build(DriverService.java:355)
	at org.openqa.selenium.chrome.ChromeDriverService.createDefaultService(ChromeDriverService.java:94)
	at org.openqa.selenium.chrome.ChromeDriver.<init>(ChromeDriver.java:123)
	at test.com.itexps.ItexpsTest.setUpMethod(ItexpsTest.java:44)
... Removed 35 stack frames]]>
    </failure>
  </testcase> <!-- @BeforeMethod setUpMethod -->
  <testcase classname="test.com.itexps.ItexpsTest" name="@AfterMethod tearDownMethod" time="0.0">
    <skipped/>
  </testcase> <!-- @AfterMethod tearDownMethod -->
  <testcase classname="test.com.itexps.ItexpsTest" name="@AfterClass tearDownClass" time="0.0">
    <skipped/>
  </testcase> <!-- @AfterClass tearDownClass -->
  <testcase classname="test.com.itexps.ItexpsTest" name="testItexps" time="0.0">
    <skipped/>
  </testcase> <!-- testItexps -->
</testsuite> <!-- Command line test -->
